<?xml version="1.0" encoding="UTF-8" ?>
<testsuites errors="3"
            failures="1"
            tests="1">

  <testsuite name="testcases.testcase10"
    errors="3" failures="1" hostname="" id="" package="testcases" skipped="0"
    tests="1" time="45.53" timestamp="">
  
    <testcase name="test artsyjewels" classname="testcases.testcase10" time="45.53" assertions="4">

    

    

      <failure message="Testing if element &lt;#hardware_tab &gt; span&gt; is visible. Element could not be located in 1000 ms. - expected [0;32m&#34;true&#34;[0m but got: [0;31m&#34;null&#34;[0m">    at Object.test artsyjewels (C:\newTestFramework\tests\testcases\testcase10.js:13:13)
    at process._tickCallback (internal/process/next_tick.js:68:7)</failure>

    <failure message="    at Object.test artsyjewels (C:\newTestFramework\tests\testcases\testcase10.js:13:13)">    at process._tickCallback (internal/process/next_tick.js:68:7)</failure>
    </testcase>
  

  

  
  </testsuite>
</testsuites>
